<?xml version="1.0" encoding="UTF-8"?>
<!-- Generated by org.testng.reporters.JUnitReportReporter -->
<testsuite skipped="0" hostname="LAPTOP-AKHP4F57" name="test.LoginTest" tests="1" failures="0" timestamp="2022-07-30T12:27:23 CDT" time="3.193" errors="0">
  <testcase name="validUserShouldBeAbleToLogin" time="3.193" classname="test.LoginTest"/>
  <system-out/>
</testsuite> <!-- test.LoginTest -->
